{"/Users/abbeymasters/alchemy/career-track/data-structures-and-algorithms/challenges/linkedList/linked-list.js": {"path":"/Users/abbeymasters/alchemy/career-track/data-structures-and-algorithms/challenges/linkedList/linked-list.js","statementMap":{"0":{"start":{"line":3,"column":4},"end":{"line":3,"column":23}},"1":{"start":{"line":4,"column":4},"end":{"line":4,"column":21}},"2":{"start":{"line":10,"column":4},"end":{"line":10,"column":21}},"3":{"start":{"line":11,"column":4},"end":{"line":11,"column":18}},"4":{"start":{"line":19,"column":17},"end":{"line":19,"column":32}},"5":{"start":{"line":20,"column":4},"end":{"line":20,"column":26}},"6":{"start":{"line":22,"column":4},"end":{"line":22,"column":21}},"7":{"start":{"line":23,"column":4},"end":{"line":23,"column":16}},"8":{"start":{"line":33,"column":22},"end":{"line":33,"column":31}},"9":{"start":{"line":34,"column":4},"end":{"line":40,"column":5}},"10":{"start":{"line":34,"column":16},"end":{"line":34,"column":17}},"11":{"start":{"line":35,"column":6},"end":{"line":39,"column":7}},"12":{"start":{"line":36,"column":8},"end":{"line":36,"column":20}},"13":{"start":{"line":38,"column":8},"end":{"line":38,"column":39}},"14":{"start":{"line":40,"column":6},"end":{"line":40,"column":19}},"15":{"start":{"line":49,"column":19},"end":{"line":49,"column":21}},"16":{"start":{"line":50,"column":22},"end":{"line":50,"column":31}},"17":{"start":{"line":51,"column":4},"end":{"line":54,"column":5}},"18":{"start":{"line":51,"column":16},"end":{"line":51,"column":17}},"19":{"start":{"line":52,"column":6},"end":{"line":52,"column":42}},"20":{"start":{"line":53,"column":6},"end":{"line":53,"column":37}},"21":{"start":{"line":54,"column":6},"end":{"line":54,"column":22}},"22":{"start":{"line":63,"column":17},"end":{"line":63,"column":32}},"23":{"start":{"line":64,"column":4},"end":{"line":74,"column":5}},"24":{"start":{"line":65,"column":6},"end":{"line":65,"column":23}},"25":{"start":{"line":68,"column":24},"end":{"line":68,"column":33}},"26":{"start":{"line":69,"column":6},"end":{"line":71,"column":7}},"27":{"start":{"line":70,"column":8},"end":{"line":70,"column":39}},"28":{"start":{"line":72,"column":6},"end":{"line":72,"column":30}},"29":{"start":{"line":73,"column":6},"end":{"line":73,"column":18}},"30":{"start":{"line":78,"column":0},"end":{"line":81,"column":2}}},"fnMap":{"0":{"name":"(anonymous_0)","decl":{"start":{"line":2,"column":2},"end":{"line":2,"column":3}},"loc":{"start":{"line":2,"column":21},"end":{"line":5,"column":3}},"line":2},"1":{"name":"(anonymous_1)","decl":{"start":{"line":9,"column":2},"end":{"line":9,"column":3}},"loc":{"start":{"line":9,"column":16},"end":{"line":12,"column":3}},"line":9},"2":{"name":"(anonymous_2)","decl":{"start":{"line":18,"column":2},"end":{"line":18,"column":3}},"loc":{"start":{"line":18,"column":16},"end":{"line":24,"column":3}},"line":18},"3":{"name":"(anonymous_3)","decl":{"start":{"line":32,"column":2},"end":{"line":32,"column":3}},"loc":{"start":{"line":32,"column":18},"end":{"line":41,"column":3}},"line":32},"4":{"name":"(anonymous_4)","decl":{"start":{"line":48,"column":2},"end":{"line":48,"column":3}},"loc":{"start":{"line":48,"column":13},"end":{"line":55,"column":3}},"line":48},"5":{"name":"(anonymous_5)","decl":{"start":{"line":62,"column":2},"end":{"line":62,"column":3}},"loc":{"start":{"line":62,"column":16},"end":{"line":75,"column":3}},"line":62}},"branchMap":{"0":{"loc":{"start":{"line":35,"column":6},"end":{"line":39,"column":7}},"type":"if","locations":[{"start":{"line":35,"column":6},"end":{"line":39,"column":7}},{"start":{"line":35,"column":6},"end":{"line":39,"column":7}}],"line":35},"1":{"loc":{"start":{"line":64,"column":4},"end":{"line":74,"column":5}},"type":"if","locations":[{"start":{"line":64,"column":4},"end":{"line":74,"column":5}},{"start":{"line":64,"column":4},"end":{"line":74,"column":5}}],"line":64}},"s":{"0":13,"1":13,"2":8,"3":8,"4":12,"5":12,"6":12,"7":12,"8":2,"9":2,"10":2,"11":2,"12":1,"13":1,"14":1,"15":1,"16":1,"17":1,"18":1,"19":3,"20":3,"21":1,"22":1,"23":1,"24":0,"25":1,"26":1,"27":1,"28":1,"29":1,"30":1},"f":{"0":13,"1":8,"2":12,"3":2,"4":1,"5":1},"b":{"0":[1,1],"1":[0,1]},"_coverageSchema":"43e27e138ebf9cfc5966b082cf9a028302ed4184","hash":"e7797b77c8103ce5a8fcbb85636e762076aedf37"}
}
