{"/Users/abbeymasters/alchemy/career-track/data-structures-and-algorithms/challenges/arrayBinarySearch/array-binary-search.js": {"path":"/Users/abbeymasters/alchemy/career-track/data-structures-and-algorithms/challenges/arrayBinarySearch/array-binary-search.js","statementMap":{"0":{"start":{"line":3,"column":19},"end":{"line":3,"column":20}},"1":{"start":{"line":4,"column":18},"end":{"line":4,"column":32}},"2":{"start":{"line":6,"column":2},"end":{"line":15,"column":3}},"3":{"start":{"line":7,"column":22},"end":{"line":7,"column":62}},"4":{"start":{"line":8,"column":4},"end":{"line":14,"column":5}},"5":{"start":{"line":9,"column":6},"end":{"line":9,"column":25}},"6":{"start":{"line":10,"column":11},"end":{"line":14,"column":5}},"7":{"start":{"line":11,"column":6},"end":{"line":11,"column":35}},"8":{"start":{"line":12,"column":11},"end":{"line":14,"column":5}},"9":{"start":{"line":13,"column":6},"end":{"line":13,"column":34}},"10":{"start":{"line":16,"column":2},"end":{"line":16,"column":12}},"11":{"start":{"line":19,"column":0},"end":{"line":19,"column":30}}},"fnMap":{"0":{"name":"binarySearch","decl":{"start":{"line":1,"column":9},"end":{"line":1,"column":21}},"loc":{"start":{"line":1,"column":34},"end":{"line":17,"column":1}},"line":1}},"branchMap":{"0":{"loc":{"start":{"line":8,"column":4},"end":{"line":14,"column":5}},"type":"if","locations":[{"start":{"line":8,"column":4},"end":{"line":14,"column":5}},{"start":{"line":8,"column":4},"end":{"line":14,"column":5}}],"line":8},"1":{"loc":{"start":{"line":10,"column":11},"end":{"line":14,"column":5}},"type":"if","locations":[{"start":{"line":10,"column":11},"end":{"line":14,"column":5}},{"start":{"line":10,"column":11},"end":{"line":14,"column":5}}],"line":10},"2":{"loc":{"start":{"line":12,"column":11},"end":{"line":14,"column":5}},"type":"if","locations":[{"start":{"line":12,"column":11},"end":{"line":14,"column":5}},{"start":{"line":12,"column":11},"end":{"line":14,"column":5}}],"line":12}},"s":{"0":2,"1":2,"2":2,"3":4,"4":4,"5":1,"6":3,"7":3,"8":0,"9":0,"10":1,"11":1},"f":{"0":2},"b":{"0":[1,3],"1":[3,0],"2":[0,0]},"_coverageSchema":"43e27e138ebf9cfc5966b082cf9a028302ed4184","hash":"7f71813b9777c3f0ac462bf71c0d5e685cfca022"}
,"/Users/abbeymasters/alchemy/career-track/data-structures-and-algorithms/challenges/arrayShift/array-shift.js": {"path":"/Users/abbeymasters/alchemy/career-track/data-structures-and-algorithms/challenges/arrayShift/array-shift.js","statementMap":{"0":{"start":{"line":2,"column":20},"end":{"line":2,"column":45}},"1":{"start":{"line":3,"column":17},"end":{"line":3,"column":19}},"2":{"start":{"line":4,"column":14},"end":{"line":4,"column":15}},"3":{"start":{"line":5,"column":2},"end":{"line":8,"column":3}},"4":{"start":{"line":5,"column":14},"end":{"line":5,"column":15}},"5":{"start":{"line":6,"column":4},"end":{"line":6,"column":29}},"6":{"start":{"line":7,"column":4},"end":{"line":7,"column":15}},"7":{"start":{"line":8,"column":4},"end":{"line":8,"column":34}},"8":{"start":{"line":9,"column":2},"end":{"line":11,"column":3}},"9":{"start":{"line":9,"column":14},"end":{"line":9,"column":25}},"10":{"start":{"line":10,"column":4},"end":{"line":10,"column":39}},"11":{"start":{"line":12,"column":2},"end":{"line":12,"column":18}},"12":{"start":{"line":15,"column":0},"end":{"line":15,"column":34}}},"fnMap":{"0":{"name":"insertShiftArray","decl":{"start":{"line":1,"column":9},"end":{"line":1,"column":25}},"loc":{"start":{"line":1,"column":38},"end":{"line":13,"column":1}},"line":1}},"branchMap":{},"s":{"0":2,"1":2,"2":2,"3":2,"4":2,"5":5,"6":5,"7":2,"8":2,"9":2,"10":4,"11":2,"12":1},"f":{"0":2},"b":{},"_coverageSchema":"43e27e138ebf9cfc5966b082cf9a028302ed4184","hash":"e9f1d977e1eb5d9d9bfbfb423f664fc640e8de48"}
,"/Users/abbeymasters/alchemy/career-track/data-structures-and-algorithms/challenges/fifoAnimalShelter/fifo-animal-shelter.js": {"path":"/Users/abbeymasters/alchemy/career-track/data-structures-and-algorithms/challenges/fifoAnimalShelter/fifo-animal-shelter.js","statementMap":{"0":{"start":{"line":1,"column":18},"end":{"line":1,"column":65}},"1":{"start":{"line":5,"column":4},"end":{"line":5,"column":33}},"2":{"start":{"line":6,"column":4},"end":{"line":6,"column":33}},"3":{"start":{"line":10,"column":4},"end":{"line":14,"column":5}},"4":{"start":{"line":11,"column":6},"end":{"line":11,"column":42}},"5":{"start":{"line":12,"column":11},"end":{"line":14,"column":5}},"6":{"start":{"line":13,"column":6},"end":{"line":13,"column":42}},"7":{"start":{"line":18,"column":4},"end":{"line":25,"column":5}},"8":{"start":{"line":19,"column":6},"end":{"line":19,"column":38}},"9":{"start":{"line":20,"column":11},"end":{"line":25,"column":5}},"10":{"start":{"line":21,"column":6},"end":{"line":21,"column":38}},"11":{"start":{"line":24,"column":6},"end":{"line":24,"column":18}},"12":{"start":{"line":29,"column":0},"end":{"line":31,"column":2}}},"fnMap":{"0":{"name":"(anonymous_0)","decl":{"start":{"line":4,"column":2},"end":{"line":4,"column":3}},"loc":{"start":{"line":4,"column":21},"end":{"line":7,"column":3}},"line":4},"1":{"name":"(anonymous_1)","decl":{"start":{"line":9,"column":2},"end":{"line":9,"column":3}},"loc":{"start":{"line":9,"column":18},"end":{"line":15,"column":3}},"line":9},"2":{"name":"(anonymous_2)","decl":{"start":{"line":17,"column":2},"end":{"line":17,"column":3}},"loc":{"start":{"line":17,"column":16},"end":{"line":26,"column":3}},"line":17}},"branchMap":{"0":{"loc":{"start":{"line":10,"column":4},"end":{"line":14,"column":5}},"type":"if","locations":[{"start":{"line":10,"column":4},"end":{"line":14,"column":5}},{"start":{"line":10,"column":4},"end":{"line":14,"column":5}}],"line":10},"1":{"loc":{"start":{"line":12,"column":11},"end":{"line":14,"column":5}},"type":"if","locations":[{"start":{"line":12,"column":11},"end":{"line":14,"column":5}},{"start":{"line":12,"column":11},"end":{"line":14,"column":5}}],"line":12},"2":{"loc":{"start":{"line":18,"column":4},"end":{"line":25,"column":5}},"type":"if","locations":[{"start":{"line":18,"column":4},"end":{"line":25,"column":5}},{"start":{"line":18,"column":4},"end":{"line":25,"column":5}}],"line":18},"3":{"loc":{"start":{"line":20,"column":11},"end":{"line":25,"column":5}},"type":"if","locations":[{"start":{"line":20,"column":11},"end":{"line":25,"column":5}},{"start":{"line":20,"column":11},"end":{"line":25,"column":5}}],"line":20}},"s":{"0":1,"1":2,"2":2,"3":6,"4":4,"5":2,"6":2,"7":0,"8":0,"9":0,"10":0,"11":0,"12":1},"f":{"0":2,"1":6,"2":0},"b":{"0":[4,2],"1":[2,0],"2":[0,0],"3":[0,0]},"_coverageSchema":"43e27e138ebf9cfc5966b082cf9a028302ed4184","hash":"01e69a66d6a5347a7a808766e9f7c74213bf52f9"}
,"/Users/abbeymasters/alchemy/career-track/data-structures-and-algorithms/challenges/linkedList/linked-list.js": {"path":"/Users/abbeymasters/alchemy/career-track/data-structures-and-algorithms/challenges/linkedList/linked-list.js","statementMap":{"0":{"start":{"line":3,"column":4},"end":{"line":3,"column":23}},"1":{"start":{"line":4,"column":4},"end":{"line":4,"column":21}},"2":{"start":{"line":10,"column":4},"end":{"line":10,"column":21}},"3":{"start":{"line":11,"column":4},"end":{"line":11,"column":18}},"4":{"start":{"line":19,"column":17},"end":{"line":19,"column":32}},"5":{"start":{"line":20,"column":4},"end":{"line":20,"column":26}},"6":{"start":{"line":22,"column":4},"end":{"line":22,"column":21}},"7":{"start":{"line":23,"column":4},"end":{"line":23,"column":16}},"8":{"start":{"line":33,"column":22},"end":{"line":33,"column":31}},"9":{"start":{"line":34,"column":4},"end":{"line":36,"column":5}},"10":{"start":{"line":35,"column":6},"end":{"line":35,"column":19}},"11":{"start":{"line":36,"column":6},"end":{"line":36,"column":18}},"12":{"start":{"line":45,"column":19},"end":{"line":45,"column":21}},"13":{"start":{"line":46,"column":22},"end":{"line":46,"column":31}},"14":{"start":{"line":48,"column":4},"end":{"line":51,"column":5}},"15":{"start":{"line":49,"column":6},"end":{"line":49,"column":42}},"16":{"start":{"line":50,"column":6},"end":{"line":50,"column":37}},"17":{"start":{"line":52,"column":4},"end":{"line":52,"column":20}},"18":{"start":{"line":61,"column":17},"end":{"line":61,"column":32}},"19":{"start":{"line":62,"column":4},"end":{"line":72,"column":5}},"20":{"start":{"line":63,"column":6},"end":{"line":63,"column":23}},"21":{"start":{"line":66,"column":24},"end":{"line":66,"column":33}},"22":{"start":{"line":67,"column":6},"end":{"line":69,"column":7}},"23":{"start":{"line":68,"column":8},"end":{"line":68,"column":39}},"24":{"start":{"line":70,"column":6},"end":{"line":70,"column":30}},"25":{"start":{"line":71,"column":6},"end":{"line":71,"column":18}},"26":{"start":{"line":80,"column":17},"end":{"line":80,"column":33}},"27":{"start":{"line":81,"column":22},"end":{"line":81,"column":31}},"28":{"start":{"line":83,"column":4},"end":{"line":93,"column":5}},"29":{"start":{"line":84,"column":6},"end":{"line":84,"column":25}},"30":{"start":{"line":85,"column":6},"end":{"line":85,"column":18}},"31":{"start":{"line":87,"column":6},"end":{"line":89,"column":7}},"32":{"start":{"line":88,"column":8},"end":{"line":88,"column":39}},"33":{"start":{"line":90,"column":6},"end":{"line":90,"column":35}},"34":{"start":{"line":91,"column":6},"end":{"line":91,"column":30}},"35":{"start":{"line":92,"column":6},"end":{"line":92,"column":18}},"36":{"start":{"line":101,"column":17},"end":{"line":101,"column":33}},"37":{"start":{"line":102,"column":22},"end":{"line":102,"column":31}},"38":{"start":{"line":104,"column":4},"end":{"line":111,"column":5}},"39":{"start":{"line":105,"column":6},"end":{"line":105,"column":25}},"40":{"start":{"line":106,"column":6},"end":{"line":106,"column":18}},"41":{"start":{"line":108,"column":6},"end":{"line":110,"column":7}},"42":{"start":{"line":109,"column":8},"end":{"line":109,"column":39}},"43":{"start":{"line":112,"column":4},"end":{"line":112,"column":28}},"44":{"start":{"line":113,"column":4},"end":{"line":113,"column":28}},"45":{"start":{"line":114,"column":4},"end":{"line":114,"column":16}},"46":{"start":{"line":122,"column":22},"end":{"line":122,"column":31}},"47":{"start":{"line":123,"column":18},"end":{"line":123,"column":19}},"48":{"start":{"line":125,"column":4},"end":{"line":131,"column":5}},"49":{"start":{"line":126,"column":6},"end":{"line":126,"column":37}},"50":{"start":{"line":127,"column":6},"end":{"line":127,"column":16}},"51":{"start":{"line":128,"column":6},"end":{"line":130,"column":7}},"52":{"start":{"line":129,"column":8},"end":{"line":129,"column":33}},"53":{"start":{"line":131,"column":6},"end":{"line":131,"column":25}},"54":{"start":{"line":136,"column":0},"end":{"line":139,"column":2}}},"fnMap":{"0":{"name":"(anonymous_0)","decl":{"start":{"line":2,"column":2},"end":{"line":2,"column":3}},"loc":{"start":{"line":2,"column":21},"end":{"line":5,"column":3}},"line":2},"1":{"name":"(anonymous_1)","decl":{"start":{"line":9,"column":2},"end":{"line":9,"column":3}},"loc":{"start":{"line":9,"column":16},"end":{"line":12,"column":3}},"line":9},"2":{"name":"(anonymous_2)","decl":{"start":{"line":18,"column":2},"end":{"line":18,"column":3}},"loc":{"start":{"line":18,"column":16},"end":{"line":24,"column":3}},"line":18},"3":{"name":"(anonymous_3)","decl":{"start":{"line":32,"column":2},"end":{"line":32,"column":3}},"loc":{"start":{"line":32,"column":18},"end":{"line":37,"column":3}},"line":32},"4":{"name":"(anonymous_4)","decl":{"start":{"line":44,"column":2},"end":{"line":44,"column":3}},"loc":{"start":{"line":44,"column":13},"end":{"line":53,"column":3}},"line":44},"5":{"name":"(anonymous_5)","decl":{"start":{"line":60,"column":2},"end":{"line":60,"column":3}},"loc":{"start":{"line":60,"column":16},"end":{"line":73,"column":3}},"line":60},"6":{"name":"(anonymous_6)","decl":{"start":{"line":79,"column":2},"end":{"line":79,"column":3}},"loc":{"start":{"line":79,"column":30},"end":{"line":94,"column":3}},"line":79},"7":{"name":"(anonymous_7)","decl":{"start":{"line":100,"column":2},"end":{"line":100,"column":3}},"loc":{"start":{"line":100,"column":29},"end":{"line":115,"column":3}},"line":100},"8":{"name":"(anonymous_8)","decl":{"start":{"line":121,"column":2},"end":{"line":121,"column":3}},"loc":{"start":{"line":121,"column":16},"end":{"line":132,"column":3}},"line":121}},"branchMap":{"0":{"loc":{"start":{"line":62,"column":4},"end":{"line":72,"column":5}},"type":"if","locations":[{"start":{"line":62,"column":4},"end":{"line":72,"column":5}},{"start":{"line":62,"column":4},"end":{"line":72,"column":5}}],"line":62},"1":{"loc":{"start":{"line":83,"column":4},"end":{"line":93,"column":5}},"type":"if","locations":[{"start":{"line":83,"column":4},"end":{"line":93,"column":5}},{"start":{"line":83,"column":4},"end":{"line":93,"column":5}}],"line":83},"2":{"loc":{"start":{"line":104,"column":4},"end":{"line":111,"column":5}},"type":"if","locations":[{"start":{"line":104,"column":4},"end":{"line":111,"column":5}},{"start":{"line":104,"column":4},"end":{"line":111,"column":5}}],"line":104},"3":{"loc":{"start":{"line":128,"column":6},"end":{"line":130,"column":7}},"type":"if","locations":[{"start":{"line":128,"column":6},"end":{"line":130,"column":7}},{"start":{"line":128,"column":6},"end":{"line":130,"column":7}}],"line":128},"4":{"loc":{"start":{"line":128,"column":9},"end":{"line":128,"column":58}},"type":"binary-expr","locations":[{"start":{"line":128,"column":9},"end":{"line":128,"column":34}},{"start":{"line":128,"column":38},"end":{"line":128,"column":58}}],"line":128}},"s":{"0":93,"1":93,"2":30,"3":30,"4":54,"5":54,"6":54,"7":54,"8":2,"9":2,"10":1,"11":1,"12":2,"13":2,"14":2,"15":7,"16":7,"17":2,"18":36,"19":36,"20":6,"21":30,"22":30,"23":48,"24":30,"25":30,"26":2,"27":2,"28":2,"29":0,"30":0,"31":2,"32":0,"33":2,"34":2,"35":2,"36":1,"37":1,"38":1,"39":0,"40":0,"41":1,"42":1,"43":1,"44":1,"45":1,"46":8,"47":8,"48":8,"49":19,"50":19,"51":19,"52":3,"53":5,"54":2},"f":{"0":93,"1":30,"2":54,"3":2,"4":2,"5":36,"6":2,"7":1,"8":8},"b":{"0":[6,30],"1":[0,2],"2":[0,1],"3":[3,16],"4":[19,4]},"_coverageSchema":"43e27e138ebf9cfc5966b082cf9a028302ed4184","hash":"70766af1ccf3ed9d9e9b017cc962bbe23fe73b40"}
,"/Users/abbeymasters/alchemy/career-track/data-structures-and-algorithms/challenges/llMerge/ll-merge.js": {"path":"/Users/abbeymasters/alchemy/career-track/data-structures-and-algorithms/challenges/llMerge/ll-merge.js","statementMap":{"0":{"start":{"line":1,"column":24},"end":{"line":1,"column":60}},"1":{"start":{"line":4,"column":20},"end":{"line":4,"column":52}},"2":{"start":{"line":5,"column":19},"end":{"line":5,"column":29}},"3":{"start":{"line":6,"column":19},"end":{"line":6,"column":29}},"4":{"start":{"line":8,"column":2},"end":{"line":13,"column":3}},"5":{"start":{"line":9,"column":4},"end":{"line":9,"column":39}},"6":{"start":{"line":10,"column":4},"end":{"line":10,"column":39}},"7":{"start":{"line":11,"column":4},"end":{"line":11,"column":33}},"8":{"start":{"line":12,"column":4},"end":{"line":12,"column":33}},"9":{"start":{"line":14,"column":2},"end":{"line":14,"column":37}},"10":{"start":{"line":15,"column":2},"end":{"line":15,"column":37}},"11":{"start":{"line":17,"column":2},"end":{"line":24,"column":3}},"12":{"start":{"line":18,"column":4},"end":{"line":18,"column":33}},"13":{"start":{"line":19,"column":4},"end":{"line":22,"column":5}},"14":{"start":{"line":20,"column":6},"end":{"line":20,"column":41}},"15":{"start":{"line":21,"column":6},"end":{"line":21,"column":35}},"16":{"start":{"line":23,"column":4},"end":{"line":23,"column":39}},"17":{"start":{"line":25,"column":2},"end":{"line":32,"column":3}},"18":{"start":{"line":26,"column":4},"end":{"line":26,"column":33}},"19":{"start":{"line":27,"column":4},"end":{"line":30,"column":5}},"20":{"start":{"line":28,"column":6},"end":{"line":28,"column":41}},"21":{"start":{"line":29,"column":6},"end":{"line":29,"column":35}},"22":{"start":{"line":31,"column":4},"end":{"line":31,"column":39}},"23":{"start":{"line":33,"column":2},"end":{"line":33,"column":24}},"24":{"start":{"line":36,"column":0},"end":{"line":36,"column":28}}},"fnMap":{"0":{"name":"mergeLists","decl":{"start":{"line":3,"column":9},"end":{"line":3,"column":19}},"loc":{"start":{"line":3,"column":34},"end":{"line":34,"column":1}},"line":3}},"branchMap":{"0":{"loc":{"start":{"line":8,"column":8},"end":{"line":8,"column":60}},"type":"binary-expr","locations":[{"start":{"line":8,"column":8},"end":{"line":8,"column":32}},{"start":{"line":8,"column":36},"end":{"line":8,"column":60}}],"line":8},"1":{"loc":{"start":{"line":17,"column":2},"end":{"line":24,"column":3}},"type":"if","locations":[{"start":{"line":17,"column":2},"end":{"line":24,"column":3}},{"start":{"line":17,"column":2},"end":{"line":24,"column":3}}],"line":17},"2":{"loc":{"start":{"line":25,"column":2},"end":{"line":32,"column":3}},"type":"if","locations":[{"start":{"line":25,"column":2},"end":{"line":32,"column":3}},{"start":{"line":25,"column":2},"end":{"line":32,"column":3}}],"line":25}},"s":{"0":1,"1":6,"2":6,"3":6,"4":6,"5":8,"6":8,"7":8,"8":8,"9":6,"10":6,"11":6,"12":2,"13":2,"14":0,"15":0,"16":2,"17":6,"18":2,"19":2,"20":0,"21":0,"22":2,"23":6,"24":1},"f":{"0":6},"b":{"0":[14,10],"1":[2,4],"2":[2,4]},"_coverageSchema":"43e27e138ebf9cfc5966b082cf9a028302ed4184","hash":"a7cb6ccbe1e9bfa8e89e158c211f01d93b92dc94"}
,"/Users/abbeymasters/alchemy/career-track/data-structures-and-algorithms/challenges/queueWithStacks/queue-with-stacks.js": {"path":"/Users/abbeymasters/alchemy/career-track/data-structures-and-algorithms/challenges/queueWithStacks/queue-with-stacks.js","statementMap":{"0":{"start":{"line":1,"column":18},"end":{"line":1,"column":65}},"1":{"start":{"line":5,"column":4},"end":{"line":5,"column":31}},"2":{"start":{"line":6,"column":4},"end":{"line":6,"column":32}},"3":{"start":{"line":10,"column":4},"end":{"line":12,"column":5}},"4":{"start":{"line":11,"column":6},"end":{"line":11,"column":45}},"5":{"start":{"line":13,"column":4},"end":{"line":13,"column":29}},"6":{"start":{"line":14,"column":4},"end":{"line":16,"column":5}},"7":{"start":{"line":15,"column":6},"end":{"line":15,"column":45}},"8":{"start":{"line":20,"column":4},"end":{"line":22,"column":5}},"9":{"start":{"line":21,"column":6},"end":{"line":21,"column":45}},"10":{"start":{"line":23,"column":17},"end":{"line":23,"column":33}},"11":{"start":{"line":24,"column":4},"end":{"line":24,"column":23}},"12":{"start":{"line":25,"column":4},"end":{"line":27,"column":5}},"13":{"start":{"line":26,"column":6},"end":{"line":26,"column":45}},"14":{"start":{"line":28,"column":4},"end":{"line":28,"column":18}},"15":{"start":{"line":32,"column":0},"end":{"line":34,"column":2}}},"fnMap":{"0":{"name":"(anonymous_0)","decl":{"start":{"line":4,"column":2},"end":{"line":4,"column":3}},"loc":{"start":{"line":4,"column":21},"end":{"line":7,"column":3}},"line":4},"1":{"name":"(anonymous_1)","decl":{"start":{"line":9,"column":2},"end":{"line":9,"column":3}},"loc":{"start":{"line":9,"column":17},"end":{"line":17,"column":3}},"line":9},"2":{"name":"(anonymous_2)","decl":{"start":{"line":19,"column":2},"end":{"line":19,"column":3}},"loc":{"start":{"line":19,"column":12},"end":{"line":29,"column":3}},"line":19}},"branchMap":{},"s":{"0":1,"1":2,"2":2,"3":1,"4":3,"5":1,"6":1,"7":3,"8":1,"9":3,"10":1,"11":1,"12":1,"13":3,"14":1,"15":1},"f":{"0":2,"1":1,"2":1},"b":{},"_coverageSchema":"43e27e138ebf9cfc5966b082cf9a028302ed4184","hash":"05c57d0d276127dedc9fe1ccd2759e990aa04679"}
,"/Users/abbeymasters/alchemy/career-track/data-structures-and-algorithms/challenges/stacksAndQueues/stacks-and-queues.js": {"path":"/Users/abbeymasters/alchemy/career-track/data-structures-and-algorithms/challenges/stacksAndQueues/stacks-and-queues.js","statementMap":{"0":{"start":{"line":3,"column":4},"end":{"line":3,"column":21}},"1":{"start":{"line":4,"column":4},"end":{"line":4,"column":23}},"2":{"start":{"line":10,"column":4},"end":{"line":10,"column":20}},"3":{"start":{"line":20,"column":17},"end":{"line":20,"column":34}},"4":{"start":{"line":21,"column":4},"end":{"line":25,"column":5}},"5":{"start":{"line":21,"column":19},"end":{"line":21,"column":35}},"6":{"start":{"line":23,"column":6},"end":{"line":23,"column":27}},"7":{"start":{"line":24,"column":6},"end":{"line":24,"column":22}},"8":{"start":{"line":36,"column":4},"end":{"line":39,"column":25}},"9":{"start":{"line":37,"column":6},"end":{"line":37,"column":30}},"10":{"start":{"line":38,"column":6},"end":{"line":38,"column":31}},"11":{"start":{"line":39,"column":11},"end":{"line":39,"column":25}},"12":{"start":{"line":40,"column":4},"end":{"line":40,"column":18}},"13":{"start":{"line":50,"column":4},"end":{"line":51,"column":21}},"14":{"start":{"line":50,"column":17},"end":{"line":50,"column":39}},"15":{"start":{"line":51,"column":9},"end":{"line":51,"column":21}},"16":{"start":{"line":58,"column":4},"end":{"line":58,"column":22}},"17":{"start":{"line":62,"column":18},"end":{"line":62,"column":33}},"18":{"start":{"line":63,"column":22},"end":{"line":63,"column":32}},"19":{"start":{"line":65,"column":4},"end":{"line":72,"column":5}},"20":{"start":{"line":66,"column":6},"end":{"line":66,"column":27}},"21":{"start":{"line":68,"column":6},"end":{"line":70,"column":7}},"22":{"start":{"line":69,"column":8},"end":{"line":69,"column":39}},"23":{"start":{"line":71,"column":6},"end":{"line":71,"column":41}},"24":{"start":{"line":76,"column":22},"end":{"line":76,"column":32}},"25":{"start":{"line":79,"column":4},"end":{"line":84,"column":5}},"26":{"start":{"line":80,"column":6},"end":{"line":80,"column":27}},"27":{"start":{"line":82,"column":6},"end":{"line":82,"column":33}},"28":{"start":{"line":83,"column":6},"end":{"line":83,"column":36}},"29":{"start":{"line":85,"column":4},"end":{"line":85,"column":18}},"30":{"start":{"line":89,"column":4},"end":{"line":89,"column":28}},"31":{"start":{"line":93,"column":0},"end":{"line":97,"column":2}}},"fnMap":{"0":{"name":"(anonymous_0)","decl":{"start":{"line":2,"column":2},"end":{"line":2,"column":3}},"loc":{"start":{"line":2,"column":21},"end":{"line":5,"column":3}},"line":2},"1":{"name":"(anonymous_1)","decl":{"start":{"line":9,"column":2},"end":{"line":9,"column":3}},"loc":{"start":{"line":9,"column":21},"end":{"line":11,"column":3}},"line":9},"2":{"name":"(anonymous_2)","decl":{"start":{"line":19,"column":2},"end":{"line":19,"column":3}},"loc":{"start":{"line":19,"column":16},"end":{"line":26,"column":3}},"line":19},"3":{"name":"(anonymous_3)","decl":{"start":{"line":34,"column":2},"end":{"line":34,"column":3}},"loc":{"start":{"line":34,"column":8},"end":{"line":41,"column":3}},"line":34},"4":{"name":"(anonymous_4)","decl":{"start":{"line":49,"column":2},"end":{"line":49,"column":3}},"loc":{"start":{"line":49,"column":9},"end":{"line":52,"column":3}},"line":49},"5":{"name":"(anonymous_5)","decl":{"start":{"line":57,"column":2},"end":{"line":57,"column":3}},"loc":{"start":{"line":57,"column":21},"end":{"line":59,"column":3}},"line":57},"6":{"name":"(anonymous_6)","decl":{"start":{"line":61,"column":2},"end":{"line":61,"column":3}},"loc":{"start":{"line":61,"column":17},"end":{"line":73,"column":3}},"line":61},"7":{"name":"(anonymous_7)","decl":{"start":{"line":75,"column":2},"end":{"line":75,"column":3}},"loc":{"start":{"line":75,"column":12},"end":{"line":86,"column":3}},"line":75},"8":{"name":"(anonymous_8)","decl":{"start":{"line":88,"column":2},"end":{"line":88,"column":3}},"loc":{"start":{"line":88,"column":9},"end":{"line":90,"column":3}},"line":88}},"branchMap":{"0":{"loc":{"start":{"line":21,"column":4},"end":{"line":25,"column":5}},"type":"if","locations":[{"start":{"line":21,"column":4},"end":{"line":25,"column":5}},{"start":{"line":21,"column":4},"end":{"line":25,"column":5}}],"line":21},"1":{"loc":{"start":{"line":36,"column":4},"end":{"line":39,"column":25}},"type":"if","locations":[{"start":{"line":36,"column":4},"end":{"line":39,"column":25}},{"start":{"line":36,"column":4},"end":{"line":39,"column":25}}],"line":36},"2":{"loc":{"start":{"line":50,"column":4},"end":{"line":51,"column":21}},"type":"if","locations":[{"start":{"line":50,"column":4},"end":{"line":51,"column":21}},{"start":{"line":50,"column":4},"end":{"line":51,"column":21}}],"line":50},"3":{"loc":{"start":{"line":65,"column":4},"end":{"line":72,"column":5}},"type":"if","locations":[{"start":{"line":65,"column":4},"end":{"line":72,"column":5}},{"start":{"line":65,"column":4},"end":{"line":72,"column":5}}],"line":65},"4":{"loc":{"start":{"line":79,"column":4},"end":{"line":84,"column":5}},"type":"if","locations":[{"start":{"line":79,"column":4},"end":{"line":84,"column":5}},{"start":{"line":79,"column":4},"end":{"line":84,"column":5}}],"line":79}},"s":{"0":62,"1":62,"2":10,"3":33,"4":33,"5":11,"6":22,"7":22,"8":18,"9":17,"10":17,"11":1,"12":18,"13":13,"14":10,"15":3,"16":10,"17":19,"18":19,"19":19,"20":9,"21":10,"22":4,"23":10,"24":6,"25":6,"26":1,"27":5,"28":5,"29":5,"30":1,"31":3},"f":{"0":62,"1":10,"2":33,"3":18,"4":13,"5":10,"6":19,"7":6,"8":1},"b":{"0":[11,22],"1":[17,1],"2":[10,3],"3":[9,10],"4":[1,5]},"_coverageSchema":"43e27e138ebf9cfc5966b082cf9a028302ed4184","hash":"47ec0c8c9129d441bdc6471f384b87dc5d4cf21e"}
}
