TN:
SF:/Users/abbeymasters/alchemy/career-track/data-structures-and-algorithms/challenges/arrayBinarySearch/array-binary-search.js
FN:1,binarySearch
FNF:1
FNH:1
FNDA:2,binarySearch
DA:3,2
DA:4,2
DA:6,2
DA:7,4
DA:8,4
DA:9,1
DA:10,3
DA:11,3
DA:12,0
DA:13,0
DA:16,1
DA:19,1
LF:12
LH:10
BRDA:8,0,0,1
BRDA:8,0,1,3
BRDA:10,1,0,3
BRDA:10,1,1,0
BRDA:12,2,0,0
BRDA:12,2,1,0
BRF:6
BRH:3
end_of_record
TN:
SF:/Users/abbeymasters/alchemy/career-track/data-structures-and-algorithms/challenges/arrayShift/array-shift.js
FN:1,insertShiftArray
FNF:1
FNH:1
FNDA:2,insertShiftArray
DA:2,2
DA:3,2
DA:4,2
DA:5,2
DA:6,5
DA:7,5
DA:8,2
DA:9,2
DA:10,4
DA:12,2
DA:15,1
LF:11
LH:11
BRF:0
BRH:0
end_of_record
