TN:
SF:/Users/abbeymasters/alchemy/career-track/data-structures-and-algorithms/challenges/arrayBinarySearch/array-binary-search.js
FN:1,binarySearch
FNF:1
FNH:1
FNDA:2,binarySearch
DA:3,2
DA:4,2
DA:6,2
DA:7,4
DA:8,4
DA:9,1
DA:10,3
DA:11,3
DA:12,0
DA:13,0
DA:16,1
DA:19,1
LF:12
LH:10
BRDA:8,0,0,1
BRDA:8,0,1,3
BRDA:10,1,0,3
BRDA:10,1,1,0
BRDA:12,2,0,0
BRDA:12,2,1,0
BRF:6
BRH:3
end_of_record
TN:
SF:/Users/abbeymasters/alchemy/career-track/data-structures-and-algorithms/challenges/arrayShift/array-shift.js
FN:1,insertShiftArray
FNF:1
FNH:1
FNDA:2,insertShiftArray
DA:2,2
DA:3,2
DA:4,2
DA:5,2
DA:6,5
DA:7,5
DA:8,2
DA:9,2
DA:10,4
DA:12,2
DA:15,1
LF:11
LH:11
BRF:0
BRH:0
end_of_record
TN:
SF:/Users/abbeymasters/alchemy/career-track/data-structures-and-algorithms/challenges/linkedList/linked-list.js
FN:2,(anonymous_0)
FN:9,(anonymous_1)
FN:18,(anonymous_2)
FN:32,(anonymous_3)
FN:48,(anonymous_4)
FN:62,(anonymous_5)
FN:76,(anonymous_6)
FN:85,(anonymous_7)
FNF:8
FNH:6
FNDA:16,(anonymous_0)
FNDA:9,(anonymous_1)
FNDA:13,(anonymous_2)
FNDA:2,(anonymous_3)
FNDA:1,(anonymous_4)
FNDA:3,(anonymous_5)
FNDA:0,(anonymous_6)
FNDA:0,(anonymous_7)
DA:3,16
DA:4,16
DA:10,9
DA:11,9
DA:19,13
DA:20,13
DA:22,13
DA:23,13
DA:33,2
DA:34,2
DA:35,2
DA:36,1
DA:38,1
DA:40,1
DA:49,1
DA:50,1
DA:51,1
DA:52,3
DA:53,3
DA:54,1
DA:63,3
DA:64,3
DA:65,0
DA:68,3
DA:69,3
DA:70,2
DA:72,3
DA:73,3
DA:77,0
DA:78,0
DA:79,0
DA:80,0
DA:81,0
DA:86,0
DA:96,1
LF:35
LH:28
BRDA:35,0,0,1
BRDA:35,0,1,1
BRDA:64,1,0,0
BRDA:64,1,1,3
BRF:4
BRH:3
end_of_record
